#
# A fatal error has been detected by the Java Runtime Environment:
#
#  Internal Error (os_windows_x86.cpp:143), pid=884, tid=4320
#  guarantee(result == EXCEPTION_CONTINUE_EXECUTION) failed: Unexpected result from topLevelExceptionFilter
#
# JRE version: Java(TM) SE Runtime Environment (7.0_79-b15) (build 1.7.0_79-b15)
# Java VM: Java HotSpot(TM) 64-Bit Server VM (24.79-b02 mixed mode windows-amd64 compressed oops)
# Failed to write core dump. Minidumps are not enabled by default on client versions of Windows
#
# If you would like to submit a bug report, please visit:
#   http://bugreport.java.com/bugreport/crash.jsp
# The crash happened outside the Java Virtual Machine in native code.
# See problematic frame for where to report the bug.
#

---------------  T H R E A D  ---------------

Current thread (0x0000000002ce0800):  JavaThread "main" [_thread_in_native, id=4320, stack(0x0000000002be0000,0x0000000002ce0000)]

Stack: [0x0000000002be0000,0x0000000002ce0000]
Java frames: (J=compiled Java code, j=interpreted, Vv=VM code)
j  com.leapmotion.leap.LeapJNI.new_Controller__SWIG_0()J+0
j  com.leapmotion.leap.Controller.<init>()V+1
j  Data_Collector.LeapTest.<init>()V+11
j  Data_Collector.LeapTest.main([Ljava/lang/String;)V+3
v  ~StubRoutines::call_stub

---------------  P R O C E S S  ---------------

Java Threads: ( => current thread )
  0x000000000cd88800 JavaThread "Swing-Shell" daemon [_thread_blocked, id=3624, stack(0x000000000da00000,0x000000000db00000)]
  0x000000000cd85800 JavaThread "AWT-EventQueue-0" [_thread_blocked, id=692, stack(0x000000000d900000,0x000000000da00000)]
  0x000000000cd83800 JavaThread "Image Fetcher 0" daemon [_thread_blocked, id=3852, stack(0x000000000d800000,0x000000000d900000)]
  0x000000000cd85000 JavaThread "AWT-Windows" daemon [_thread_in_native, id=11168, stack(0x000000000d160000,0x000000000d260000)]
  0x000000000cd82800 JavaThread "AWT-Shutdown" [_thread_blocked, id=8620, stack(0x000000000d060000,0x000000000d160000)]
  0x000000000cd87000 JavaThread "Java2D Disposer" daemon [_thread_blocked, id=8388, stack(0x000000000cf60000,0x000000000d060000)]
  0x000000000b102000 JavaThread "Service Thread" daemon [_thread_blocked, id=7188, stack(0x000000000c880000,0x000000000c980000)]
  0x000000000b0f8000 JavaThread "C2 CompilerThread1" daemon [_thread_blocked, id=11712, stack(0x000000000c780000,0x000000000c880000)]
  0x000000000b0f5800 JavaThread "C2 CompilerThread0" daemon [_thread_blocked, id=10712, stack(0x000000000c680000,0x000000000c780000)]
  0x000000000b0f5000 JavaThread "Attach Listener" daemon [_thread_blocked, id=7260, stack(0x000000000c580000,0x000000000c680000)]
  0x000000000b0f2000 JavaThread "Signal Dispatcher" daemon [_thread_blocked, id=7220, stack(0x000000000c480000,0x000000000c580000)]
  0x000000000b0bf800 JavaThread "Finalizer" daemon [_thread_blocked, id=11692, stack(0x000000000c380000,0x000000000c480000)]
  0x000000000b0b7000 JavaThread "Reference Handler" daemon [_thread_blocked, id=5780, stack(0x000000000c280000,0x000000000c380000)]
=>0x0000000002ce0800 JavaThread "main" [_thread_in_native, id=4320, stack(0x0000000002be0000,0x0000000002ce0000)]

Other Threads:
  0x000000000b0b2800 VMThread [stack: 0x000000000c180000,0x000000000c280000] [id=11492]
  0x000000000b11e800 WatcherThread [stack: 0x000000000c980000,0x000000000ca80000] [id=2296]

VM state:not at safepoint (normal execution)

VM Mutex/Monitor currently owned by a thread: None

Heap
 PSYoungGen      total 38400K, used 7325K [0x00000007d5c80000, 0x00000007d8700000, 0x0000000800000000)
  eden space 33280K, 22% used [0x00000007d5c80000,0x00000007d63a7650,0x00000007d7d00000)
  from space 5120K, 0% used [0x00000007d8200000,0x00000007d8200000,0x00000007d8700000)
  to   space 5120K, 0% used [0x00000007d7d00000,0x00000007d7d00000,0x00000007d8200000)
 ParOldGen       total 86016K, used 0K [0x0000000781600000, 0x0000000786a00000, 0x00000007d5c80000)
  object space 86016K, 0% used [0x0000000781600000,0x0000000781600000,0x0000000786a00000)
 PSPermGen       total 21504K, used 10952K [0x000000077c400000, 0x000000077d900000, 0x0000000781600000)
  object space 21504K, 50% used [0x000000077c400000,0x000000077ceb2378,0x000000077d900000)

Card table byte_map: [0x0000000005ea0000,0x00000000062c0000] byte_map_base: 0x00000000022be000

Polling page: 0x0000000001300000

Code Cache  [0x0000000002de0000, 0x0000000003050000, 0x0000000005de0000)
 total_blobs=396 nmethods=12 adapters=337 free_code_cache=48639Kb largest_free_block=49800768

Compilation events (10 events):
Event: 0.355 Thread 0x000000000b0f5800    7             java.lang.Object::<init> (1 bytes)
Event: 0.356 Thread 0x000000000b0f5800 nmethod 7 0x0000000002e53ed0 code [0x0000000002e54000, 0x0000000002e54098]
Event: 0.469 Thread 0x000000000b0f8000    8             java.lang.String::equals (81 bytes)
Event: 0.477 Thread 0x000000000b0f8000 nmethod 8 0x0000000002e59290 code [0x0000000002e593e0, 0x0000000002e59658]
Event: 0.616 Thread 0x000000000b0f5800    9             java.lang.CharacterData::of (120 bytes)
Event: 0.616 Thread 0x000000000b0f8000   10             java.lang.CharacterDataLatin1::getProperties (11 bytes)
Event: 0.617 Thread 0x000000000b0f8000 nmethod 10 0x0000000002e5e590 code [0x0000000002e5e6c0, 0x0000000002e5e758]
Event: 0.617 Thread 0x000000000b0f5800 nmethod 9 0x0000000002e5cd90 code [0x0000000002e5cee0, 0x0000000002e5cf98]
Event: 0.903 Thread 0x000000000b0f8000   11             java.io.Win32FileSystem::normalize (143 bytes)
Event: 0.913 Thread 0x000000000b0f8000 nmethod 11 0x0000000002e5d090 code [0x0000000002e5d200, 0x0000000002e5d510]

GC Heap History (0 events):
No events

Deoptimization events (1 events):
Event: 0.268 Thread 0x0000000002ce0800 Uncommon trap: reason=class_check action=maybe_recompile pc=0x0000000002e441c8 method=java.util.Properties$LineReader.readLine()I @ 62

Internal exceptions (10 events):
Event: 0.049 Thread 0x0000000002ce0800 Threw 0x00000007d5c8a4c8 at C:\re\jdk7u79\2331\hotspot\src\share\vm\prims\jni.cpp:3991
Event: 0.134 Thread 0x0000000002ce0800 Threw 0x00000007d5cde518 at C:\re\jdk7u79\2331\hotspot\src\share\vm\prims\jvm.cpp:1304
Event: 0.250 Thread 0x0000000002ce0800 Threw 0x00000007d5e30628 at C:\re\jdk7u79\2331\hotspot\src\share\vm\prims\jvm.cpp:1304
Event: 0.252 Thread 0x0000000002ce0800 Threw 0x00000007d5e33670 at C:\re\jdk7u79\2331\hotspot\src\share\vm\prims\jvm.cpp:1304
Event: 0.253 Thread 0x0000000002ce0800 Threw 0x00000007d5e38360 at C:\re\jdk7u79\2331\hotspot\src\share\vm\prims\jvm.cpp:1304
Event: 0.267 Thread 0x0000000002ce0800 Threw 0x00000007d5e46aa0 at C:\re\jdk7u79\2331\hotspot\src\share\vm\prims\jni.cpp:717
Event: 0.360 Thread 0x0000000002ce0800 Threw 0x00000007d5f40600 at C:\re\jdk7u79\2331\hotspot\src\share\vm\prims\jni.cpp:717
Event: 0.968 Thread 0x0000000002ce0800 Threw 0x00000007d626f8f0 at C:\re\jdk7u79\2331\hotspot\src\share\vm\prims\jvm.cpp:1304
Event: 0.969 Thread 0x0000000002ce0800 Threw 0x00000007d6274ca8 at C:\re\jdk7u79\2331\hotspot\src\share\vm\prims\jvm.cpp:1304
Event: 0.978 Thread 0x0000000002ce0800 Threw 0x00000007d627f1b0 at C:\re\jdk7u79\2331\hotspot\src\share\vm\prims\jvm.cpp:1304

Events (10 events):
Event: 0.982 loading class 0x0000000002d4f920
Event: 0.982 loading class 0x0000000002d4f920 done
Event: 0.982 loading class 0x0000000002d32f00
Event: 0.982 loading class 0x0000000002d4f990 done
Event: 0.983 loading class 0x0000000002d32f00 done
Event: 0.983 loading class 0x000000000cb544b0
Event: 0.983 loading class 0x000000000cb544b0 done
Event: 0.983 loading class 0x000000000cbc9180
Event: 0.983 loading class 0x000000000cbc9180 done
Event: 0.983 Thread 0x000000000cd86800 Thread exited: 0x000000000cd86800


Dynamic libraries:
0x00007ff693260000 - 0x00007ff693293000 	C:\WINDOWS\system32\java.exe
0x00007ffe99c80000 - 0x00007ffe99e41000 	C:\WINDOWS\SYSTEM32\ntdll.dll
0x00007ffe976b0000 - 0x00007ffe9775d000 	C:\WINDOWS\system32\KERNEL32.DLL
0x00007ffe96b00000 - 0x00007ffe96ce8000 	C:\WINDOWS\system32\KERNELBASE.dll
0x00007ffe97600000 - 0x00007ffe976a7000 	C:\WINDOWS\system32\ADVAPI32.dll
0x00007ffe99540000 - 0x00007ffe995dd000 	C:\WINDOWS\system32\msvcrt.dll
0x00007ffe97d50000 - 0x00007ffe97dab000 	C:\WINDOWS\system32\sechost.dll
0x00007ffe97230000 - 0x00007ffe9734c000 	C:\WINDOWS\system32\RPCRT4.dll
0x00007ffe977c0000 - 0x00007ffe97916000 	C:\WINDOWS\system32\USER32.dll
0x00007ffe993a0000 - 0x00007ffe99526000 	C:\WINDOWS\system32\GDI32.dll
0x00007ffe8aa40000 - 0x00007ffe8acb4000 	C:\WINDOWS\WinSxS\amd64_microsoft.windows.common-controls_6595b64144ccf1df_6.0.10586.0_none_8c15ae12515e1c22\COMCTL32.dll
0x00007ffe99840000 - 0x00007ffe99abd000 	C:\WINDOWS\system32\combase.dll
0x00007ffe96cf0000 - 0x00007ffe96d5a000 	C:\WINDOWS\system32\bcryptPrimitives.dll
0x00007ffe99730000 - 0x00007ffe9976b000 	C:\WINDOWS\system32\IMM32.DLL
0x0000000053030000 - 0x0000000053102000 	C:\Program Files\Java\jre7\bin\msvcr100.dll
0x00000000525d0000 - 0x0000000052da5000 	C:\Program Files\Java\jre7\bin\server\jvm.dll
0x00007ffe97520000 - 0x00007ffe97528000 	C:\WINDOWS\system32\PSAPI.DLL
0x00007ffe884a0000 - 0x00007ffe884a9000 	C:\WINDOWS\system32\WSOCK32.dll
0x00007ffe947d0000 - 0x00007ffe947f3000 	C:\WINDOWS\system32\WINMM.dll
0x00007ffe99310000 - 0x00007ffe9937b000 	C:\WINDOWS\system32\WS2_32.dll
0x00007ffe945b0000 - 0x00007ffe945dc000 	C:\WINDOWS\system32\WINMMBASE.dll
0x00007ffe96a90000 - 0x00007ffe96ad3000 	C:\WINDOWS\system32\cfgmgr32.dll
0x0000000053a90000 - 0x0000000053a9f000 	C:\Program Files\Java\jre7\bin\verify.dll
0x0000000053000000 - 0x0000000053028000 	C:\Program Files\Java\jre7\bin\java.dll
0x0000000053a70000 - 0x0000000053a85000 	C:\Program Files\Java\jre7\bin\zip.dll
0x0000000052430000 - 0x00000000525c5000 	C:\Program Files\Java\jre7\bin\awt.dll
0x00007ffe99770000 - 0x00007ffe99831000 	C:\WINDOWS\system32\OLEAUT32.dll
0x00007ffe94b10000 - 0x00007ffe94b89000 	C:\WINDOWS\system32\apphelp.dll
0x00007ffe94d00000 - 0x00007ffe94d96000 	C:\WINDOWS\system32\uxtheme.dll
0x00007ffe97360000 - 0x00007ffe974ba000 	C:\WINDOWS\system32\MSCTF.dll
0x00007ffe939c0000 - 0x00007ffe939e2000 	C:\WINDOWS\system32\dwmapi.dll
0x00007ffe995e0000 - 0x00007ffe99723000 	C:\WINDOWS\system32\ole32.dll
0x00007ffe96320000 - 0x00007ffe9632f000 	C:\WINDOWS\system32\kernel.appcore.dll
0x00007ffe97db0000 - 0x00007ffe9930c000 	C:\WINDOWS\system32\SHELL32.dll
0x00007ffe963e0000 - 0x00007ffe96a24000 	C:\WINDOWS\system32\windows.storage.dll
0x00007ffe97530000 - 0x00007ffe97582000 	C:\WINDOWS\system32\shlwapi.dll
0x00007ffe96fc0000 - 0x00007ffe97075000 	C:\WINDOWS\system32\shcore.dll
0x00007ffe962a0000 - 0x00007ffe962eb000 	C:\WINDOWS\system32\powrprof.dll
0x00007ffe96300000 - 0x00007ffe96314000 	C:\WINDOWS\system32\profapi.dll
0x00007ffe7c0f0000 - 0x00007ffe7c19a000 	C:\WINDOWS\WinSxS\amd64_microsoft.windows.common-controls_6595b64144ccf1df_5.82.10586.0_none_396e892957c7fb25\comctl32.dll
0x00000000523e0000 - 0x0000000052427000 	C:\Program Files\Java\jre7\bin\fontmanager.dll
0x0000000052fe0000 - 0x0000000052ffa000 	C:\Program Files\Java\jre7\bin\net.dll
0x00007ffe95b70000 - 0x00007ffe95bcc000 	C:\WINDOWS\system32\mswsock.dll
0x0000000052fc0000 - 0x0000000052fd1000 	C:\Program Files\Java\jre7\bin\nio.dll
0x0000000052390000 - 0x00000000523d1000 	C:\Program Files\Java\jre7\bin\t2k.dll
0x00007ffe99bd0000 - 0x00007ffe99c77000 	C:\WINDOWS\system32\clbcatq.dll
0x00007ffe93c00000 - 0x00007ffe93d86000 	C:\WINDOWS\system32\PROPSYS.dll
0x00007ffe93120000 - 0x00007ffe935b3000 	C:\Windows\System32\ActXPrxy.dll
0x00007ffe7fc30000 - 0x00007ffe7fd57000 	C:\WINDOWS\system32\NetworkExplorer.dll
0x00007ffe86900000 - 0x00007ffe8691b000 	C:\WINDOWS\system32\MPR.dll
0x00007ffe94930000 - 0x00007ffe9493b000 	C:\WINDOWS\System32\drprov.dll
0x00007ffe960d0000 - 0x00007ffe96126000 	C:\WINDOWS\System32\WINSTA.dll
0x00007ffe94150000 - 0x00007ffe94166000 	C:\WINDOWS\System32\ntlanman.dll
0x00007ffe91fd0000 - 0x00007ffe91ff0000 	C:\WINDOWS\System32\davclnt.dll
0x00007ffe8aa30000 - 0x00007ffe8aa3c000 	C:\WINDOWS\System32\DAVHLPR.dll
0x00007ffe91d90000 - 0x00007ffe91da6000 	C:\WINDOWS\System32\wkscli.dll
0x00007ffe961e0000 - 0x00007ffe96209000 	C:\WINDOWS\System32\bcrypt.dll
0x00007ffe85080000 - 0x00007ffe85092000 	C:\WINDOWS\system32\cscapi.dll
0x00007ffe956b0000 - 0x00007ffe956bc000 	C:\WINDOWS\System32\netutils.dll
0x00007ffe7d130000 - 0x00007ffe7d1af000 	C:\Windows\System32\dlnashext.dll
0x00007ffe7d3b0000 - 0x00007ffe7d424000 	C:\Windows\System32\PlayToDevice.dll
0x00007ffe690c0000 - 0x00007ffe690df000 	C:\Windows\System32\DevDispItemProvider.dll
0x00007ffe91f20000 - 0x00007ffe91f90000 	C:\WINDOWS\System32\MMDevApi.dll
0x00007ffe94cd0000 - 0x00007ffe94cf7000 	C:\WINDOWS\System32\DEVOBJ.dll
0x00007ffe64c60000 - 0x00007ffe64e63000 	C:\WINDOWS\system32\wpdshext.dll
0x00007ffe8a790000 - 0x00007ffe8a938000 	C:\WINDOWS\WinSxS\amd64_microsoft.windows.gdiplus_6595b64144ccf1df_1.1.10586.20_none_db007f1392e69ef4\gdiplus.dll
0x00007ffe93e10000 - 0x00007ffe93eb1000 	C:\Windows\System32\PortableDeviceApi.dll
0x00007ffe97920000 - 0x00007ffe97d49000 	C:\WINDOWS\system32\SETUPAPI.dll
0x00007ffe96a30000 - 0x00007ffe96a85000 	C:\WINDOWS\system32\WINTRUST.dll
0x00007ffe962f0000 - 0x00007ffe96300000 	C:\WINDOWS\system32\MSASN1.dll
0x00007ffe96d60000 - 0x00007ffe96f28000 	C:\WINDOWS\system32\CRYPT32.dll
0x00007ffe8e8a0000 - 0x00007ffe8e8d7000 	C:\Windows\System32\EhStorShell.dll
0x00007ffe8df20000 - 0x00007ffe8df46000 	C:\Windows\System32\EhStorAPI.dll
0x00007ffe94190000 - 0x00007ffe941a3000 	C:\Windows\System32\WTSAPI32.dll
0x00007ffe8e420000 - 0x00007ffe8e42d000 	C:\WINDOWS\system32\LINKINFO.dll
0x00007ffe799c0000 - 0x00007ffe799fe000 	C:\Users\Nisarg\Desktop\Eclipse_Workspace\Leap_Motion_Data_Collector\bin\Data_Collector\LeapJava.dll
0x00007ffe6a250000 - 0x00007ffe6a2f6000 	C:\WINDOWS\system32\MSVCP120.dll
0x00007ffe6a160000 - 0x00007ffe6a24f000 	C:\WINDOWS\system32\MSVCR120.dll

VM Arguments:
java_command: Leap_Data_Collector_Test2.jar
Launcher Type: SUN_STANDARD

Environment Variables:
PATH=C:\Users\Nisarg\Desktop\Eclipse_Workspace\Leap_Motion_Data_Collector\bin\Data_Collector;\system32;C:\WINDOWS;C:\WINDOWS\System32\Wbem;C:\WINDOWS\System32\WindowsPowerShell\v1.0\;C:\Program Files\Intel\Intel(R) Management Engine Components\DAL;C:\Program Files\Intel\Intel(R) Management Engine Components\IPT;C:\Program Files (x86)\Intel\Intel(R) Management Engine Components\DAL;C:\Program Files (x86)\Intel\Intel(R) Management Engine Components\IPT;C:\Program Files (x86)\Skype\Phone\;C:\Program Files\Common Files\Autodesk Shared\;C:\Program Files\GnuWin32\bin;C:\WINDOWS\system32\config\systemprofile\.dnx\bin;C:\Program Files\Microsoft DNX\Dnvm\;C:\Program Files (x86)\Windows Kits\8.1\Windows Performance Toolkit\;C:\Program Files\MATLAB\R2015a\runtime\win64;C:\Program Files\MATLAB\R2015a\bin;C:\Program Files\MATLAB\R2011a\runtime\win64;C:\Program Files\MATLAB\R2011a\bin;C:\Program Files\Java\jdk1.7.0_79\bin;;C:\Program Files (x86)\Microsoft VS Code\binc:\Program Files (x86)\Intel\iCLS Client\;c:\Program Files\Intel\iCLS Client\;C:\WINDOWS\system32;C:\WINDOWS;C:\WINDOWS\System32\Wbem;C:\WINDOWS\System32\WindowsPowerShell\v1.0\;C:\Program Files\Intel\Intel(R) Management Engine Components\DAL;C:\Program Files\Intel\Intel(R) Management Engine Components\IPT;C:\Program Files (x86)\Intel\Intel(R) Management Engine Components\DAL;C:\Program Files (x86)\Intel\Intel(R) Management Engine Components\IPT;C:\Program Files (x86)\Skype\Phone\;C:\Program Files\Common Files\Autodesk Shared\;C:\Program Files\GnuWin32\bin;C:\WINDOWS\system32\config\systemprofile\.dnx\bin;C:\Program Files\Microsoft DNX\Dnvm\;C:\Program Files (x86)\Windows Kits\8.1\Windows Performance Toolkit\;C:\Program Files\MATLAB\R2015a\runtime\win64;C:\Program Files\MATLAB\R2015a\bin;C:\Program Files\MATLAB\R2011a\runtime\win64;C:\Program Files\MATLAB\R2011a\bin;C:\Program Files\Java\jdk1.7.0_79\bin;;C:\Program Files (x86)\Microsoft VS Code\bin
USERNAME=Nisarg
OS=Windows_NT
PROCESSOR_IDENTIFIER=Intel64 Family 6 Model 69 Stepping 1, GenuineIntel



---------------  S Y S T E M  ---------------

OS: Windows 8.1 , 64 bit Build 9600 

CPU:total 4 (2 cores per cpu, 2 threads per core) family 6 model 69 stepping 1, cmov, cx8, fxsr, mmx, sse, sse2, sse3, ssse3, sse4.1, sse4.2, popcnt, avx, avx2, aes, erms, ht, tsc, tscinvbit

Memory: 4k page, physical 8290316k(5318776k free), swap 9928716k(6005740k free)

vm_info: Java HotSpot(TM) 64-Bit Server VM (24.79-b02) for windows-amd64 JRE (1.7.0_79-b15), built on Apr 10 2015 12:36:16 by "java_re" with unknown MS VC++:1600

time: Mon Jul 04 13:47:16 2016
elapsed time: 1 seconds

